[    0.000000] Initializing cgroup subsys cpuset
[    0.000000] Initializing cgroup subsys cpu
[    0.000000] Initializing cgroup subsys cpuacct
[    0.000000] Linux version 4.4.0-66-generic (buildd@lgw01-28) (gcc version 5.4.0 20160609 (Ubuntu 5.4.0-6ubuntu1~16.04.4) ) #87-Ubuntu SMP Fri Mar 3 15:29:05 UTC 2017 (Ubuntu 4.4.0-66.87-generic 4.4.44)
[    0.000000] Command line: BOOT_IMAGE=/boot/vmlinuz-4.4.0-66-generic root=LABEL=cloudimg-rootfs ro console=tty1 console=ttyS0
[    0.000000] KERNEL supported cpus:
[    0.000000]   Intel GenuineIntel
[    0.000000]   AMD AuthenticAMD
[    0.000000]   Centaur CentaurHauls
[    0.000000] x86/fpu: xstate_offset[2]:  576, xstate_sizes[2]:  256
[    0.000000] x86/fpu: Supporting XSAVE feature 0x01: 'x87 floating point registers'
[    0.000000] x86/fpu: Supporting XSAVE feature 0x02: 'SSE registers'
[    0.000000] x86/fpu: Supporting XSAVE feature 0x04: 'AVX registers'
[    0.000000] x86/fpu: Enabled xstate features 0x7, context size is 832 bytes, using 'standard' format.
[    0.000000] x86/fpu: Using 'lazy' FPU context switches.
[    0.000000] e820: BIOS-provided physical RAM map:
[    0.000000] BIOS-e820: [mem 0x0000000000000000-0x000000000009fbff] usable
[    0.000000] BIOS-e820: [mem 0x000000000009fc00-0x000000000009ffff] reserved
[    0.000000] BIOS-e820: [mem 0x00000000000f0000-0x00000000000fffff] reserved
[    0.000000] BIOS-e820: [mem 0x0000000000100000-0x000000004ffeffff] usable
[    0.000000] BIOS-e820: [mem 0x000000004fff0000-0x000000004fffffff] ACPI data
[    0.000000] BIOS-e820: [mem 0x00000000fec00000-0x00000000fec00fff] reserved
[    0.000000] BIOS-e820: [mem 0x00000000fee00000-0x00000000fee00fff] reserved
[    0.000000] BIOS-e820: [mem 0x00000000fffc0000-0x00000000ffffffff] reserved
[    0.000000] NX (Execute Disable) protection: active
[    0.000000] SMBIOS 2.5 present.
[    0.000000] Hypervisor detected: KVM
[    0.000000] e820: last_pfn = 0x4fff0 max_arch_pfn = 0x400000000
[    0.000000] MTRR: Disabled
[    0.000000] x86/PAT: MTRRs disabled, skipping PAT initialization too.
[    0.000000] x86/PAT: Configuration [0-7]: WB  WT  UC- UC  WB  WT  UC- UC  
[    0.000000] CPU MTRRs all blank - virtualized system.
[    0.000000] found SMP MP-table at [mem 0x0009fff0-0x0009ffff] mapped at [ffff88000009fff0]
[    0.000000] Scanning 1 areas for low memory corruption
[    0.000000] RAMDISK: [mem 0x36ae8000-0x3756bfff]
[    0.000000] ACPI: Early table checksum verification disabled
[    0.000000] ACPI: RSDP 0x00000000000E0000 000024 (v02 VBOX  )
[    0.000000] ACPI: XSDT 0x000000004FFF0030 00003C (v01 VBOX   VBOXXSDT 00000001 ASL  00000061)
[    0.000000] ACPI: FACP 0x000000004FFF00F0 0000F4 (v04 VBOX   VBOXFACP 00000001 ASL  00000061)
[    0.000000] ACPI: DSDT 0x000000004FFF0470 00210F (v01 VBOX   VBOXBIOS 00000002 INTL 20100528)
[    0.000000] ACPI: FACS 0x000000004FFF0200 000040
[    0.000000] ACPI: FACS 0x000000004FFF0200 000040
[    0.000000] ACPI: APIC 0x000000004FFF0240 00005C (v02 VBOX   VBOXAPIC 00000001 ASL  00000061)
[    0.000000] ACPI: SSDT 0x000000004FFF02A0 0001CC (v01 VBOX   VBOXCPUT 00000002 INTL 20100528)
[    0.000000] No NUMA configuration found
[    0.000000] Faking a node at [mem 0x0000000000000000-0x000000004ffeffff]
[    0.000000] NODE_DATA(0) allocated [mem 0x4ffeb000-0x4ffeffff]
[    0.000000] kvm-clock: Using msrs 4b564d01 and 4b564d00
[    0.000000] kvm-clock: cpu 0, msr 0:4ffe3001, primary cpu clock
[    0.000000] kvm-clock: using sched offset of 3269357000 cycles
[    0.000000] clocksource: kvm-clock: mask: 0xffffffffffffffff max_cycles: 0x1cd42e4dffb, max_idle_ns: 881590591483 ns
[    0.000000] Zone ranges:
[    0.000000]   DMA      [mem 0x0000000000001000-0x0000000000ffffff]
[    0.000000]   DMA32    [mem 0x0000000001000000-0x000000004ffeffff]
[    0.000000]   Normal   empty
[    0.000000]   Device   empty
[    0.000000] Movable zone start for each node
[    0.000000] Early memory node ranges
[    0.000000]   node   0: [mem 0x0000000000001000-0x000000000009efff]
[    0.000000]   node   0: [mem 0x0000000000100000-0x000000004ffeffff]
[    0.000000] Initmem setup node 0 [mem 0x0000000000001000-0x000000004ffeffff]
[    0.000000] ACPI: PM-Timer IO Port: 0x4008
[    0.000000] IOAPIC[0]: apic_id 2, version 32, address 0xfec00000, GSI 0-23
[    0.000000] ACPI: INT_SRC_OVR (bus 0 bus_irq 0 global_irq 2 dfl dfl)
[    0.000000] ACPI: INT_SRC_OVR (bus 0 bus_irq 9 global_irq 9 high level)
[    0.000000] Using ACPI (MADT) for SMP configuration information
[    0.000000] smpboot: Allowing 2 CPUs, 0 hotplug CPUs
[    0.000000] PM: Registered nosave memory: [mem 0x00000000-0x00000fff]
[    0.000000] PM: Registered nosave memory: [mem 0x0009f000-0x0009ffff]
[    0.000000] PM: Registered nosave memory: [mem 0x000a0000-0x000effff]
[    0.000000] PM: Registered nosave memory: [mem 0x000f0000-0x000fffff]
[    0.000000] e820: [mem 0x50000000-0xfebfffff] available for PCI devices
[    0.000000] Booting paravirtualized kernel on KVM
[    0.000000] clocksource: refined-jiffies: mask: 0xffffffff max_cycles: 0xffffffff, max_idle_ns: 7645519600211568 ns
[    0.000000] setup_percpu: NR_CPUS:512 nr_cpumask_bits:512 nr_cpu_ids:2 nr_node_ids:1
[    0.000000] PERCPU: Embedded 33 pages/cpu @ffff88004fc00000 s98264 r8192 d28712 u1048576
[    0.000000] PV qspinlock hash table entries: 256 (order: 0, 4096 bytes)
[    0.000000] Built 1 zonelists in Node order, mobility grouping on.  Total pages: 322425
[    0.000000] Policy zone: DMA32
[    0.000000] Kernel command line: BOOT_IMAGE=/boot/vmlinuz-4.4.0-66-generic root=LABEL=cloudimg-rootfs ro console=tty1 console=ttyS0
[    0.000000] PID hash table entries: 4096 (order: 3, 32768 bytes)
[    0.000000] Memory: 1259856K/1310264K available (8452K kernel code, 1293K rwdata, 3980K rodata, 1488K init, 1316K bss, 50408K reserved, 0K cma-reserved)
[    0.000000] SLUB: HWalign=64, Order=0-3, MinObjects=0, CPUs=2, Nodes=1
[    0.000000] Hierarchical RCU implementation.
[    0.000000] 	Build-time adjustment of leaf fanout to 64.
[    0.000000] 	RCU restricting CPUs from NR_CPUS=512 to nr_cpu_ids=2.
[    0.000000] RCU: Adjusting geometry for rcu_fanout_leaf=64, nr_cpu_ids=2
[    0.000000] NR_IRQS:33024 nr_irqs:440 16
[    0.000000] Console: colour VGA+ 80x25
[    0.000000] console [tty1] enabled
[    0.000000] console [ttyS0] enabled
[    0.000000] tsc: Detected 2593.990 MHz processor
[    8.616040] Calibrating delay loop (skipped) preset value.. 5187.98 BogoMIPS (lpj=10375960)
[    8.693478] pid_max: default: 32768 minimum: 301
[    8.694388] ACPI: Core revision 20150930
[    8.696359] ACPI: 2 ACPI AML tables successfully acquired and loaded
[    8.711975] Security Framework initialized
[    8.712785] Yama: becoming mindful.
[    8.776447] AppArmor: AppArmor initialized
[    8.783638] Dentry cache hash table entries: 262144 (order: 9, 2097152 bytes)
[    8.797098] Inode-cache hash table entries: 131072 (order: 8, 1048576 bytes)
[    8.814833] Mount-cache hash table entries: 4096 (order: 3, 32768 bytes)
[    8.974419] Mountpoint-cache hash table entries: 4096 (order: 3, 32768 bytes)
[    9.131237] Initializing cgroup subsys io
[    9.249773] Initializing cgroup subsys memory
[    9.370899] Initializing cgroup subsys devices
[    9.427387] Initializing cgroup subsys freezer
[    9.428311] Initializing cgroup subsys net_cls
[    9.429177] Initializing cgroup subsys perf_event
[    9.480774] Initializing cgroup subsys net_prio
[    9.578959] Initializing cgroup subsys hugetlb
[    9.714081] Initializing cgroup subsys pids
[    9.821279] CPU: Physical Processor ID: 0
[    9.847437] CPU: Processor Core ID: 0
[    9.851844] mce: CPU supports 0 MCE banks
[    9.856264] Last level iTLB entries: 4KB 64, 2MB 8, 4MB 8
[    9.861041] Last level dTLB entries: 4KB 64, 2MB 0, 4MB 0, 1GB 4
[    9.865701] Freeing SMP alternatives memory: 32K (ffffffff820b9000 - ffffffff820c1000)
[    9.998439] ftrace: allocating 32123 entries in 126 pages
[   10.186845] smpboot: APIC(0) Converting physical 0 to logical package 0
[   10.331777] smpboot: Max logical packages: 1
[   10.339737] x2apic enabled
[   10.378921] Switched APIC routing to physical x2apic.
[   10.463056] ..TIMER: vector=0x30 apic1=0 pin1=2 apic2=-1 pin2=-1
[   10.714527] smpboot: CPU0: Intel(R) Core(TM) i7-5600U CPU @ 2.60GHz (family: 0x6, model: 0x3d, stepping: 0x4)
[   10.937364] Performance Events: unsupported p6 CPU model 61 no PMU driver, software events only.
[   11.063963] KVM setup paravirtual spinlock
[   11.178728] x86: Booting SMP configuration:
[   11.300626] .... node  #0, CPUs:      #1
[   11.316742] kvm-clock: cpu 1, msr 0:4ffe3041, secondary cpu clock
[   11.318769] mce: CPU supports 0 MCE banks
[   11.321408] x86: Booted up 1 node, 2 CPUs
[   11.341114] smpboot: Total of 2 processors activated (10375.96 BogoMIPS)
[   11.355407] devtmpfs: initialized
[   11.420354] evm: security.selinux
[   11.508164] evm: security.SMACK64
[   11.528184] evm: security.SMACK64EXEC
[   11.610800] evm: security.SMACK64TRANSMUTE
[   11.717660] evm: security.SMACK64MMAP
[   11.830235] evm: security.ima
[   11.899789] evm: security.capability
[   11.952828] clocksource: jiffies: mask: 0xffffffff max_cycles: 0xffffffff, max_idle_ns: 7645041785100000 ns
[   12.099633] pinctrl core: initialized pinctrl subsystem
[   12.243705] RTC time: 21:23:43, date: 03/20/17
[   12.272684] NET: Registered protocol family 16
[   12.315844] cpuidle: using governor ladder
[   12.387163] cpuidle: using governor menu
[   12.448960] PCCT header not found.
[   12.509665] ACPI: bus type PCI registered
[   12.634535] acpiphp: ACPI Hot Plug PCI Controller Driver version: 0.5
[   12.802347] PCI: Using configuration type 1 for base access
[   12.948569] ACPI: Added _OSI(Module Device)
[   13.038864] ACPI: Added _OSI(Processor Device)
[   13.079055] ACPI: Added _OSI(3.0 _SCP Extensions)
[   13.117234] ACPI: Added _OSI(Processor Aggregator Device)
[   13.232834] ACPI: Executed 1 blocks of module-level executable AML code
[   13.426380] ACPI: Interpreter enabled
[   13.467812] ACPI: (supports S0 S5)
[   13.468538] ACPI: Using IOAPIC for interrupt routing
[   13.469625] PCI: Using host bridge windows from ACPI; if necessary, use "pci=nocrs" and report a bug
[   13.495755] ACPI: PCI Root Bridge [PCI0] (domain 0000 [bus 00-ff])
[   13.674776] acpi PNP0A03:00: _OSC: OS supports [ASPM ClockPM Segments MSI]
[   13.834818] acpi PNP0A03:00: _OSC failed (AE_NOT_FOUND); disabling ASPM
[   13.907086] acpi PNP0A03:00: fail to add MMCONFIG information, can't access extended PCI configuration space under this bridge.
[   13.909358] PCI host bridge to bus 0000:00
[   13.910176] pci_bus 0000:00: root bus resource [io  0x0000-0x0cf7 window]
[   13.911406] pci_bus 0000:00: root bus resource [io  0x0d00-0xffff window]
[   13.912568] pci_bus 0000:00: root bus resource [mem 0x000a0000-0x000bffff window]
[   13.914041] pci_bus 0000:00: root bus resource [mem 0x50000000-0xffdfffff window]
[   14.086177] pci_bus 0000:00: root bus resource [bus 00-ff]
[   14.125814] pci 0000:00:01.1: legacy IDE quirk: reg 0x10: [io  0x01f0-0x01f7]
[   14.196388] pci 0000:00:01.1: legacy IDE quirk: reg 0x14: [io  0x03f6]
[   14.333296] pci 0000:00:01.1: legacy IDE quirk: reg 0x18: [io  0x0170-0x0177]
[   14.540737] pci 0000:00:01.1: legacy IDE quirk: reg 0x1c: [io  0x0376]
[   14.721934] pci 0000:00:07.0: quirk: [io  0x4000-0x403f] claimed by PIIX4 ACPI
[   14.887089] pci 0000:00:07.0: quirk: [io  0x4100-0x410f] claimed by PIIX4 SMB
[   15.081964] ACPI: PCI Interrupt Link [LNKA] (IRQs 5 9 10 *11)
[   15.202315] ACPI: PCI Interrupt Link [LNKB] (IRQs 5 9 10 *11)
[   15.244845] ACPI: PCI Interrupt Link [LNKC] (IRQs 5 9 *10 11)
[   15.263523] ACPI: PCI Interrupt Link [LNKD] (IRQs 5 *9 10 11)
[   15.358192] ACPI: Enabled 2 GPEs in block 00 to 07
[   15.492445] vgaarb: setting as boot device: PCI:0000:00:02.0
[   15.662283] vgaarb: device added: PCI:0000:00:02.0,decodes=io+mem,owns=io+mem,locks=none
[   15.833555] vgaarb: loaded
[   15.880079] vgaarb: bridge control possible 0000:00:02.0
[   16.026679] SCSI subsystem initialized
[   16.125097] ACPI: bus type USB registered
[   16.221108] usbcore: registered new interface driver usbfs
[   16.302552] usbcore: registered new interface driver hub
[   16.388002] usbcore: registered new device driver usb
[   16.514761] PCI: Using ACPI for IRQ routing
[   16.628830] NetLabel: Initializing
[   16.685308] NetLabel:  domain hash size = 128
[   16.686205] NetLabel:  protocols = UNLABELED CIPSOv4
[   16.687168] NetLabel:  unlabeled traffic allowed by default
[   16.688322] amd_nb: Cannot enumerate AMD northbridges
[   16.741366] clocksource: Switched to clocksource kvm-clock
[   16.761035] AppArmor: AppArmor Filesystem Enabled
[   16.891620] pnp: PnP ACPI init
[   16.980037] pnp: PnP ACPI: found 3 devices
[   17.130816] clocksource: acpi_pm: mask: 0xffffff max_cycles: 0xffffff, max_idle_ns: 2085701024 ns
[   17.371987] NET: Registered protocol family 2
[   17.486139] TCP established hash table entries: 16384 (order: 5, 131072 bytes)
[   17.721824] TCP bind hash table entries: 16384 (order: 6, 262144 bytes)
[   17.926812] TCP: Hash tables configured (established 16384 bind 16384)
[   18.131770] UDP hash table entries: 1024 (order: 3, 32768 bytes)
[   18.321355] UDP-Lite hash table entries: 1024 (order: 3, 32768 bytes)
[   18.423097] NET: Registered protocol family 1
[   18.562170] pci 0000:00:00.0: Limiting direct PCI/PCI transfers
[   18.748743] pci 0000:00:01.0: Activating ISA DMA hang workarounds
[   18.916833] Trying to unpack rootfs image as initramfs...
[   20.913026] Freeing initrd memory: 10768K (ffff880036ae8000 - ffff88003756c000)
[   21.101921] RAPL PMU detected, API unit is 2^-32 Joules, 4 fixed counters 10737418240 ms ovfl timer
[   21.393354] hw unit of domain pp0-core 2^-0 Joules
[   21.540084] hw unit of domain package 2^-0 Joules
[   21.616339] hw unit of domain dram 2^-0 Joules
[   21.631073] hw unit of domain pp1-gpu 2^-0 Joules
[   21.640895] platform rtc_cmos: registered platform RTC device (no PNP device found)
[   21.668156] Scanning for low memory corruption every 60 seconds
[   21.843172] futex hash table entries: 512 (order: 3, 32768 bytes)
[   21.983280] audit: initializing netlink subsys (disabled)
[   22.148564] audit: type=2000 audit(1490045022.058:1): initialized
[   22.301234] Initialise system trusted keyring
[   22.436378] HugeTLB registered 2 MB page size, pre-allocated 0 pages
[   22.517713] zbud: loaded
[   22.518636] VFS: Disk quotas dquot_6.6.0
[   22.623704] VFS: Dquot-cache hash table entries: 512 (order 0, 4096 bytes)
[   22.702039] tsc: Refined TSC clocksource calibration: 2593.162 MHz
[   22.713918] clocksource: tsc: mask: 0xffffffffffffffff max_cycles: 0x256100562ee, max_idle_ns: 440795203505 ns
[   22.714338] squashfs: version 4.0 (2009/01/31) Phillip Lougher
ÿ[   22.876885] fuse init (API version 7.23)
[   22.877026] Key type big_key registered
[   22.877043] Allocating IMA MOK and blacklist keyrings.
[   22.877225] Key type asymmetric registered
[   22.877227] Asymmetric key parser 'x509' registered
[   22.877260] Block layer SCSI generic (bsg) driver version 0.4 loaded (major 249)
[   22.877288] io scheduler noop registered
[   22.877290] io scheduler deadline registered (default)
[   22.877318] io scheduler cfq registered
[   22.877411] pci_hotplug: PCI Hot Plug PCI Core version: 0.5
[   22.877417] pciehp: PCI Express Hot Plug Controller Driver version: 0.4
[   22.877568] ACPI: AC Adapter [AC] (off-line)
[   22.877613] input: Power Button as /devices/LNXSYSTM:00/LNXPWRBN:00/input/input0
[   22.877616] ACPI: Power Button [PWRF]
[   22.877679] input: Sleep Button as /devices/LNXSYSTM:00/LNXSLPBN:00/input/input1
[   22.877680] ACPI: Sleep Button [SLPF]
[   22.877805] GHES: HEST is not enabled!
[   22.878496] ACPI: Battery Slot [BAT0] (battery present)
[   22.878531] Serial: 8250/16550 driver, 32 ports, IRQ sharing enabled
[   23.064700] 00:02: ttyS0 at I/O 0x3f8 (irq = 4, base_baud = 115200) is a 16550A
[   23.194736] Linux agpgart interface v0.103
[   23.232139] brd: module loaded
[   23.232916] loop: module loaded
[   23.233481] scsi host0: ata_piix
[   23.233539] scsi host1: ata_piix
[   23.233571] ata1: PATA max UDMA/33 cmd 0x1f0 ctl 0x3f6 bmdma 0xd000 irq 14
[   23.233571] ata2: PATA max UDMA/33 cmd 0x170 ctl 0x376 bmdma 0xd008 irq 15
[   23.233643] libphy: Fixed MDIO Bus: probed
[   23.233646] tun: Universal TUN/TAP device driver, 1.6
[   23.233646] tun: (C) 1999-2004 Max Krasnyansky <maxk@qualcomm.com>
[   23.233943] PPP generic driver version 2.4.2
[   23.233995] ehci_hcd: USB 2.0 'Enhanced' Host Controller (EHCI) Driver
[   23.233998] ehci-pci: EHCI PCI platform driver
[   23.234007] ehci-platform: EHCI generic platform driver
[   23.234014] ohci_hcd: USB 1.1 'Open' Host Controller (OHCI) Driver
[   23.234017] ohci-pci: OHCI PCI platform driver
[   23.234025] ohci-platform: OHCI generic platform driver
[   23.234032] uhci_hcd: USB Universal Host Controller Interface driver
[   23.234080] i8042: PNP: PS/2 Controller [PNP0303:PS2K,PNP0f03:PS2M] at 0x60,0x64 irq 1,12
[   23.329211] serio: i8042 KBD port at 0x60,0x64 irq 1
[   23.329217] serio: i8042 AUX port at 0x60,0x64 irq 12
[   23.329354] mousedev: PS/2 mouse device common for all mice
[   23.329702] rtc_cmos rtc_cmos: rtc core: registered rtc_cmos as rtc0
[   23.329760] rtc_cmos rtc_cmos: alarms up to one day, 114 bytes nvram
[   23.329767] i2c /dev entries driver
[   23.329818] device-mapper: uevent: version 1.0.3
[   23.329870] device-mapper: ioctl: 4.34.0-ioctl (2015-10-28) initialised: dm-devel@redhat.com
[   23.329891] ledtrig-cpu: registered to indicate activity on CPUs
[   23.330165] NET: Registered protocol family 10
[   23.330296] NET: Registered protocol family 17
[   23.330304] Key type dns_resolver registered
[   23.392982] microcode: CPU0 sig=0x306d4, pf=0x40, revision=0x0
[   23.393010] microcode: CPU1 sig=0x306d4, pf=0x40, revision=0x0
[   23.393086] microcode: Microcode Update Driver: v2.01 <tigran@aivazian.fsnet.co.uk>, Peter Oruba
[   23.393196] registered taskstats version 1
[   23.393210] Loading compiled-in X.509 certificates
[   23.394033] Loaded X.509 cert 'Build time autogenerated kernel key: 32ca4feee90b5cde51f5f8c0e024b22f8c679982'
[   23.394064] zswap: loaded using pool lzo/zbud
[   23.395306] Key type trusted registered
[   23.397382] Key type encrypted registered
[   23.397386] AppArmor: AppArmor sha1 policy hashing enabled
[   23.397388] ima: No TPM chip found, activating TPM-bypass!
[   23.397403] evm: HMAC attrs: 0x1
[   23.397654]   Magic number: 9:535:399
[   23.463736] rtc_cmos rtc_cmos: setting system clock to 2017-03-20 21:23:54 UTC (1490045034)
[   23.463890] BIOS EDD facility v0.16 2004-Jun-25, 0 devices found
[   23.463890] EDD information not available.
[   23.842085] input: AT Translated Set 2 keyboard as /devices/platform/i8042/serio0/input/input2
[   28.756108] Freeing unused kernel memory: 1488K (ffffffff81f45000 - ffffffff820b9000)
[   28.939773] Write protecting the kernel read-only data: 14336k
[   29.091209] Freeing unused kernel memory: 1776K (ffff880001844000 - ffff880001a00000)
[   29.097318] Freeing unused kernel memory: 116K (ffff880001de3000 - ffff880001e00000)
Loading, please wait...
[   29.114856] random: systemd-udevd: uninitialized urandom read (16 bytes read, 5 bits of entropy available)
starting version 229
[   29.115625] random: udevadm: uninitialized urandom read (16 bytes read, 5 bits of entropy available)
[   29.115672] random: udevadm: uninitialized urandom read (16 bytes read, 5 bits of entropy available)
[   29.115822] random: udevadm: uninitialized urandom read (16 bytes read, 5 bits of entropy available)
[   29.115878] random: udevadm: uninitialized urandom read (16 bytes read, 5 bits of entropy available)
[   29.115931] random: udevadm: uninitialized urandom read (16 bytes read, 5 bits of entropy available)
[   29.115985] random: udevadm: uninitialized urandom read (16 bytes read, 5 bits of entropy available)
[   29.116064] random: udevadm: uninitialized urandom read (16 bytes read, 5 bits of entropy available)
[   29.116117] random: udevadm: uninitialized urandom read (16 bytes read, 5 bits of entropy available)
[   29.116169] random: udevadm: uninitialized urandom read (16 bytes read, 5 bits of entropy available)
[   30.184622] Fusion MPT base driver 3.04.20
[   30.209213] Copyright (c) 1999-2008 LSI Corporation
[   30.216231] e1000: Intel(R) PRO/1000 Network Driver - version 7.3.21-k8-NAPI
[   30.239726] e1000: Copyright (c) 1999-2006 Intel Corporation.
[   30.250542] Fusion MPT SPI Host driver 3.04.20
[   30.269393] AVX version of gcm_enc/dec engaged.
[   30.284122] AES CTR mode by8 optimization enabled
[   30.516377] input: ImExPS/2 Generic Explorer Mouse as /devices/platform/i8042/serio1/input/input4
[   30.622456] e1000 0000:00:03.0 eth0: (PCI:33MHz:32-bit) 02:1b:66:ab:e9:71
[   30.827157] e1000 0000:00:03.0 eth0: Intel(R) PRO/1000 Network Connection
[   31.043257] mptbase: ioc0: Initiating bringup
[   31.043264] e1000 0000:00:03.0 enp0s3: renamed from eth0
[   31.218915] ioc0: LSI53C1030 A0: Capabilities={Initiator}
[   31.403736] scsi host2: ioc0: LSI53C1030 A0, FwRev=00000000h, Ports=1, MaxQ=256, IRQ=20
[   31.595921] scsi 2:0:0:0: Direct-Access     VBOX     HARDDISK         1.0  PQ: 0 ANSI: 5
[   31.667056] scsi target2:0:0: Beginning Domain Validation
[   31.760397] scsi target2:0:0: Domain Validation skipping write tests
[   31.883958] scsi target2:0:0: Ending Domain Validation
[   31.976287] scsi target2:0:0: asynchronous
[   32.076475] scsi 2:0:1:0: Direct-Access     VBOX     HARDDISK         1.0  PQ: 0 ANSI: 5
[   32.084664] scsi target2:0:1: Beginning Domain Validation
[   32.088700] scsi target2:0:1: Domain Validation skipping write tests
[   32.095752] scsi target2:0:1: Ending Domain Validation
[   32.099244] scsi target2:0:1: asynchronous
[   32.112491] sd 2:0:0:0: Attached scsi generic sg0 type 0
[   32.183978] sd 2:0:0:0: [sda] 20971520 512-byte logical blocks: (10.7 GB/10.0 GiB)
[   32.337131] sd 2:0:1:0: Attached scsi generic sg1 type 0
[   32.377931] sd 2:0:0:0: [sda] Write Protect is off
[   32.378007] sd 2:0:0:0: [sda] Incomplete mode parameter data
[   32.378008] sd 2:0:0:0: [sda] Assuming drive cache: write through
[   32.409904] sd 2:0:1:0: [sdb] 20480 512-byte logical blocks: (10.5 MB/10.0 MiB)
[   32.410128] sd 2:0:1:0: [sdb] Write Protect is off
[   32.410286] sd 2:0:1:0: [sdb] Incomplete mode parameter data
[   32.410287] sd 2:0:1:0: [sdb] Assuming drive cache: write through
[   32.414320]  sda: sda1
[   32.415426] sd 2:0:0:0: [sda] Attached SCSI disk
[   32.415528] sd 2:0:1:0: [sdb] Attached SCSI disk
[   33.213916] floppy0: no floppy controllers found
Begin: Loading e[   34.731428] md: linear personality registered for level -1
ssential drivers[   34.871013] md: multipath personality registered for level -4
 ... [   34.924777] md: raid0 personality registered for level 0
[   34.981384] md: raid1 personality registered for level 1
[   35.137802] raid6: sse2x1   gen()  8175 MB/s
[   35.273581] raid6: sse2x1   xor()  6057 MB/s
[   35.425662] raid6: sse2x2   gen()  9915 MB/s
[   35.557755] raid6: sse2x2   xor()  6672 MB/s
[   35.645809] raid6: sse2x4   gen() 11310 MB/s
[   35.781703] raid6: sse2x4   xor()  7492 MB/s
[   35.819764] raid6: using algorithm sse2x4 gen() 11310 MB/s
[   35.896364] raid6: .... xor() 7492 MB/s, rmw enabled
[   35.975962] raid6: using ssse3x2 recovery algorithm
[   36.059368] xor: automatically using best checksumming function:
[   36.201647]    avx       : 19511.000 MB/sec
[   36.299863] async_tx: api initialized (async)
[   36.434073] md: raid6 personality registered for level 6
[   36.592958] md: raid5 personality registered for level 5
[   36.722410] md: raid4 personality registered for level 4
[   36.819866] md: raid10 personality registered for level 10
done.
Begin: Running /scripts/init-p[   36.936206] Btrfs loaded
remount ... done.
Begin: Mounting root file system ... Begin: Running /scripts/local-top ... done.
Begin: Running /scripts/local-premount ... Scanning for Btrfs filesystems
done.
Warning: fsck not present, so sk[   37.031045] EXT4-fs (sda1): mounted filesystem with ordered data mode. Opts: (null)
ipping root file system
done.
Begin: Running /scripts/local-bottom ... done.
Begin: Running /scripts/init-bottom ... done.
[   37.316587] systemd[1]: systemd 229 running in system mode. (+PAM +AUDIT +SELINUX +IMA +APPARMOR +SMACK +SYSVINIT +UTMP +LIBCRYPTSETUP +GCRYPT +GNUTLS +ACL +XZ -LZ4 +SECCOMP +BLKID +ELFUTILS +KMOD -IDN)
[   37.740975] systemd[1]: Detected virtualization oracle.
[   37.818523] systemd[1]: Detected architecture x86-64.

Welcome to [1mUbuntu 16.04.2 LTS[0m!

[   37.910821] systemd[1]: Set hostname to <ubuntu>.
[   37.915409] systemd[1]: Initializing machine ID from random generator.
[   37.943990] systemd[1]: Installed transient /etc/machine-id file.
[   38.255672] systemd[1]: Started Forward Password Requests to Wall Directory Watch.
[[0;32m  OK  [0m] Started Forward Password Req[   38.447590] random: nonblocking pool is initialized
uests to Wall Directory Watch.
[   38.654119] systemd[1]: Set up automount Arbitrary Executable File Formats File System Automount Point.
[[0;32m  OK  [0m] Set up automount Arbitrary Executab...ats File System Automount Point.
[   38.898064] systemd[1]: Listening on udev Control Socket.
[[0;32m  OK  [0m] Listening on udev Control Socket.
[   38.970503] systemd[1]: Listening on Journal Socket (/dev/log).
[[0;32m  OK  [0m] Listening on Journal Socket (/dev/log).
[   39.006333] systemd[1]: Listening on Syslog Socket.
[[0;32m  OK  [0m] Listening on Syslog Socket.
[   39.036013] systemd[1]: Created slice User and Session Slice.
[[0;32m  OK  [0m] Created slice User and Session Slice.
[   39.105979] systemd[1]: Listening on LVM2 poll daemon socket.
[[0;32m  OK  [0m] Listening on LVM2 poll daemon socket.
[   39.306327] systemd[1]: Listening on Journal Audit Socket.
[[0;32m  OK  [0m] Listening on Journal Audit Socket.
[   39.398562] systemd[1]: Listening on Journal Socket.
[[0;32m  OK  [0m] Listening on Journal Socket.
[   39.574744] systemd[1]: Listening on udev Kernel Socket.
[[0;32m  OK  [0m] Listening on udev Kernel Socket.
[   39.730116] systemd[1]: Reached target Encrypted Volumes.
[[0;32m  OK  [0m] Reached target Encrypted Volumes.
[   39.822262] systemd[1]: Reached target User and Group Name Lookups.
[[0;32m  OK  [0m] Reached target User and Group Name Lookups.
[   39.993858] systemd[1]: Listening on Device-mapper event daemon FIFOs.
[[0;32m  OK  [0m] Listening on Device-mapper event daemon FIFOs.
[   40.086213] systemd[1]: Reached target Swap.
[[0;32m  OK  [0m] Reached target Swap.
[   40.110816] systemd[1]: Created slice System Slice.
[[0;32m  OK  [0m] Created slice System Slice.
[   40.165694] systemd[1]: Mounting Debug File System...
         Mounting Debug File System...
[   40.221925] systemd[1]: Reached target Slices.
[[0;32m  OK  [0m] Reached target Slices.
[   40.302835] systemd[1]: Starting Load Kernel Modules...
         Starting Load Kernel Mo[   40.327061] Loading iSCSI transport class v2.0-870.
dules...
[   40.453918] iscsi: registered transport (tcp)
[   40.605653] systemd[1]: Starting Uncomplicated firewall...
         Startin[   40.643965] iscsi: registered transport (iser)
g Uncomplicated firewall...
[   40.697928] systemd[1]: Starting Set console keymap...
         Starting Set console keymap...
[   40.851131] systemd[1]: Starting Create list of required static device nodes for the current kernel...
         Starting Create list of required st... nodes for the current kernel...
[   40.929728] systemd[1]: Created slice system-serial\x2dgetty.slice.
[[0;32m  OK  [0m] Created slice system-serial\x2dgetty.slice.
[   41.202670] systemd[1]: Starting Nameserver information manager...
         Starting Nameserver information manager...
[   41.269157] systemd[1]: Starting Remount Root and Kernel File Systems...
         [   41.324775] EXT4-fs (sda1): re-mounted. Opts: (null)
Starting Remount Root and Kernel File Systems...
[   41.445805] systemd[1]: Mounting POSIX Message Queue File System...
         Mounting POSIX Message Queue File System...
[   41.646193] systemd[1]: Listening on LVM2 metadata daemon socket.
[[0;32m  OK  [0m] Listening on LVM2 metadata daemon socket.
[   41.922044] systemd[1]: Starting Monitoring of LVM2 mirrors, snapshots etc. using dmeventd or progress polling...
         Starting Monitoring of LVM2 mirrors... dmeventd or progress polling...
[   42.222888] systemd[1]: Starting Journal Service...
         Starting Journal Service...
[   42.355124] systemd[1]: Mounting Huge Pages File System...
         Mounting Huge Pages File System...
[   42.454129] systemd[1]: Listening on /dev/initctl Compatibility Named Pipe.
[[0;32m  OK  [0m] Listening on /dev/initctl Compatibility Named Pipe.
[   42.626073] systemd[1]: Mounted POSIX Message Queue File System.
[[0;32m  OK  [0m] Mounted POSIX Message Queue File System.
[   42.706059] systemd[1]: Mounted Debug File System.
[[0;32m  OK  [0m] Mounted Debug File System.
[   42.890082] systemd[1]: Mounted Huge Pages File System.
[[0;32m  OK  [0m] Mounted Huge Pages File System.
[   43.114671] systemd[1]: Started Journal Service.
[[0;32m  OK  [0m] Started Journal Service.
[[0;32m  OK  [0m] Started Load Kernel Modules.
[[0;32m  OK  [0m] Started Uncomplicated firewall.
[[0;32m  OK  [0m] Started Set console keymap.
[[0;32m  OK  [0m] Started Create list of required sta...ce nodes for the current kernel.
[[0;32m  OK  [0m] Started Remount Root and Kernel File Systems.
[[0;32m  OK  [0m] Started Nameserver information manager.
[[0;32m  OK  [0m] Started LVM2 metadata daemon.
         Starting udev Coldplug all Devices...
         Starting Initial cloud-init job (pre-networking)...
         Starting Load/Save Random Seed...
         Starting Create Static Device Nodes in /dev...
         Mounting FUSE Control File System...
         Starting Apply Kernel Variables...
         Starting Flush Journal to Persistent Storage...
[[0;32m  OK  [0m] Mounted FUSE Control File System.
[[0;32m  OK  [0m] Started Monitoring of LVM2 mirrors,...ng dmeventd or progress polling.
[[0;32m  OK  [0m] Started Load/Save Random Seed.
[[0;32m  OK  [0m] Started Create Static Device Nodes in /dev.
[[0;32m  OK  [0m] Started Apply Kernel Variables.
[[0;32m  OK  [0m] Started udev Coldplug all Devices.
[[0;32m  OK  [0m] Started Flush Journal to Persistent Storage.
         Starting udev Kernel Device Manager...
[[0;32m  OK  [0m] Started udev Kernel Device Manager.
[[0;32m  OK  [0m] Reached target Local File Systems (Pre).
[[0;32m  OK  [0m] Reached target Local File Systems.
         Starting Tell Plymouth To Write Out Runtime Data...
         Starting Commit a transient machine-id on disk...
         Starting LSB: AppArmor initialization...
         Starting Set console font and keymap...
         Starting Create Volatile Files and Directories...
[[0;32m  OK  [0m] Started Dispatch Password Requests to Console Directory Watch.
[[0;32m  OK  [0m] Started Tell Plymouth To Write Out Runtime Data.
[[0;32m  OK  [0m] Started Commit a transient machine-id on disk.
[[0;32m  OK  [0m] Started Create Volatile Files and Directories.
[[0;32m  OK  [0m] Started Set console font and keymap.
[   29.302960] cloud-init[486]: Cloud-init v. 0.7.9 running 'init-local' at Mon, 20 Mar 2017 21:24:16 +0000. Up 28.87 seconds.
[[0;32m  OK  [0m] Found device /dev/ttyS0.
[[0;32m  OK  [0m] Started Initial cloud-init job (pre-networking).
[[0;32m  OK  [0m] Listening on Load/Save RF Kill Switch Status /dev/rfkill Watch.
[[0;32m  OK  [0m] Reached target Network (Pre).
[[0;32m  OK  [0m] Created slice system-getty.slice.
[[0;32m  OK  [0m] Reached target System Time Synchronized.
         Starting Update UTMP about System Boot/Shutdown...
[[0;32m  OK  [0m] Started Update UTMP about System Boot/Shutdown.
[[0;32m  OK  [0m] Started LSB: AppArmor initialization.
         Starting Raise network interfaces...
[[0;32m  OK  [0m] Started Raise network interfaces.
[[0;32m  OK  [0m] Reached target Network.
         Starting Initial cloud-init job (metadata service crawler)...
[   33.339222] cloud-init[1032]: Cloud-init v. 0.7.9 running 'init' at Mon, 20 Mar 2017 21:24:19 +0000. Up 32.45 seconds.
[   33.432781] [cloud-init[0;32m  OK  [0m[1032]: ] ci-info: +++++++++++++++++++++++++++++++++++++Net device info++++++++++++++++++++++++++++++++++++++Started Initial cloud-init job (metadata service crawler).

[   33.433324] cloud-init[1032]: ci-info: +--------+------+----------------------------+---------------+-------+-------------------+
[   33.725332] [cloud-init[0;32m  OK  [0m[1032]: ] ci-info: | Device |  Up  |          Address           |      Mask     | Scope |     Hw-Address    |Reached target Cloud-config availability.

[[0;32m  OK  [0m] Reached target Network is Online.
[   33.727235] cloud-init[1032]: ci-info: +--------+------+----------------------------+---------------+-------+-------------------+
[   33.949457]          cloud-initStarting iSCSI initiator daemon (iscsid)...[1032]: 
ci-info: | enp0s3 | True |         10.0.2.15          | 255.255.255.0 |   .   | 02:1b:66:ab:e9:71 |
[   34.080877] [cloud-init[0;32m  OK  [0m[1032]: ] ci-info: | enp0s3 | True | fe80::1b:66ff:feab:e971/64 |       .       |  link | 02:1b:66:ab:e9:71 |Reached target System Initialization.

[   34.082013] [cloud-init[0;32m  OK  [0m[1032]: ] ci-info: |   lo   | True |         127.0.0.1          |   255.0.0.0   |   .   |         .         |Started Daily Cleanup of Temporary Directories.

[   34.141419] [cloud-init[0;32m  OK  [0m[1032]: ] ci-info: |   lo   | True |          ::1/128           |       .       |  host |         .         |Started Daily apt activities.

[   34.340918]          cloud-initStarting LXD - unix socket.[1032]: 
ci-info: +--------+------+----------------------------+---------------+-------+-------------------+
[[0;32m  OK  [0m] Started Timer to automatically refresh installed snaps.
[[0;32m  OK  [0m] Reached target Timers.
[   34.496879] cloud-init[1032]: ci-info: +++++++++++++++++++++++++++Route IPv4 info++++++++++++++++++++++++++++
[   34.628937] [cloud-init[0;32m  OK  [0m[1032]: ] ci-info: +-------+-------------+----------+---------------+-----------+-------+Started Trigger resolvconf update for networkd DNS.

[   34.630725] cloud-init[1032]: ci-info: | Route | Destination | Gateway  |    Genmask    | Interface | Flags |
[   34.788761] [cloud-init[0;32m  OK  [0m[1032]: ] ci-info: +-------+-------------+----------+---------------+-----------+-------+Started ACPI Events Check.

[   34.790046] cloud-init[1032]: ci-info: |   0   |   0.0.0.0   | 10.0.2.2 |    0.0.0.0    |   enp0s3  |   UG  |
[[0;32m  OK  [0m] Reached target Paths.
[   34.868121]          cloud-initStarting Socket activation for snappy daemon.[1032]: 
ci-info: |   1   |   10.0.2.0  | 0.0.0.0  | 255.255.255.0 |   enp0s3  |   U   |
[   35.057792] [cloud-init[0;32m  OK  [0m[1032]: ] ci-info: +-------+-------------+----------+---------------+-----------+-------+Listening on D-Bus System Message Bus Socket.

[   35.059882] [cloud-init[0;32m  OK  [0m[1032]: ] Generating public/private rsa key pair.Listening on UUID daemon activation socket.

[   35.174728] [[0;32m  OK  [0m] Listening on ACPID Listen Socket.
cloud-init[1032]: Your identification has been saved in /etc/ssh/ssh_host_rsa_key.
[   35.288992] [cloud-init[0;32m  OK  [0m[1032]: ] Your public key has been saved in /etc/ssh/ssh_host_rsa_key.pub.Listening on LXD - unix socket.

[[0;32m  OK  [0m] Listening on Socket activation for snappy daemon.
[[0;32m  OK  [0m] Started iSCSI initiator daemon (iscsid).
[   35.290522] cloud-init[1032]: The key fingerprint is:
[   35.391509]          Starting Login to default iSCSI targets...
cloud-init[1032]: SHA256:vQz7Eg0Wedo+2ZzUZ/kn1lNMEQdR6l0AktwrpoW97MQ root@ubuntu-xenial
[   35.493352] [cloud-init[0;32m  OK  [0m[1032]: ] The key's randomart image is:Reached target Sockets.

[   35.495342] [cloud-init[0;32m  OK  [0m[1032]: ] +---[RSA 2048]----+Reached target Basic System.

[   35.648853] [cloud-init[0;32m  OK  [0m[1032]: ] |         o.o..+*=|Started Regular background program processing daemon.

         Starting LSB: MD monitoring daemon...
[   35.770364] cloud-init[1032]: |        o +..  oo|
[   35.837352] [cloud-init[0;32m  OK  [0m[1032]: ] |         B   o.oo|Started FUSE filesystem for LXC.

[   35.839201] cloud-init[1032]: |        =.* o..o*|
[   35.965590] [cloud-init[0;32m  OK  [0m[1032]: ] |       .SX.B ..++|Started ACPI event daemon.

[   35.967474] cloud-init[1032]: |        o+E.+ o.+|
[   36.052858]          Starting Apply the settings specified in cloud-config...
cloud-init[1032]: |        .+o. . .o|
         Starting Pollinate to seed the pseudo random number generator...
[   36.137796] cloud-init[1032]: |        ...      |
[[0;32m  OK  [0m] Started Deferred execution scheduler.
[   36.214844] cloud-init[1032]: |         ..      |
         Starting Accounts Service...
[   36.299811] cloud-init[1032]: +----[SHA256]-----+
[[0;32m  OK  [0m] Started Snappy daemon.
[   36.357980] cloud-init[1032]: Generating public/private dsa key pair.
[   36.399254] cloud-init[1032]: Your identification has been saved in /etc/ssh/ssh_host_dsa_key.
         Starting Auto import assertions from block devices...
         Starting Login Service...
         Starting LSB: Record successful boot for GRUB...
[   36.421156] cloud-init[1032]: Your public key has been saved in /etc/ssh/ssh_host_dsa_key.pub.
[   36.457006] cloud-init[1032]: The key fingerprint is:
[   36.457357] cloud-init[1032]: SHA256:1exKZj3MIDLMQdSDs8ryssQlHStdKlyU0/m+dEk9qhs root@ubuntu-xenial
         Starting System Logging Service...
[   36.457548] cloud-init[1032]: The key's randomart image is:
[   36.504251] cloud-init[1032]: +---[DSA 1024]----+
[   36.512396] cloud-init[1032]: |    .=++         |
[   36.512654] cloud-init[1032]: |   .oo=.o  o     |
[[0;32m  OK  [0m] Started D-Bus System Message Bus.
[   36.512830] cloud-init[1032]: |    o.*+..o.o    |
[   36.606250] cloud-init[1032]: | . + =.o.o.*o    |
[   36.606608] cloud-init[1032]: |  =.*. .S.+o*.   |
         Starting /etc/rc.local Compatibility...
[   36.607046] cloud-init[1032]: | ..=o   o++. .   |
[   36.670828] cloud-init[1032]: |  oo   .E+.      |
[   36.671104] cloud-init[1032]: | .. .   o.       |
         Starting LXD - container startup/shutdown...
[   36.671269] cloud-init[1032]: |  .o    ..       |
[   36.757121] cloud-init[1032]: +----[SHA256]-----+
[   36.757528] cloud-init[1032]: Generating public/private ecdsa key pair.
[[0;32m  OK  [0m] Started System Logging Service.
[[0;32m  OK  [0m] Started Auto import assertions from block devices.
[[0;32m  OK  [0m] Started /etc/rc.local Compatibility.
[[0;32m  OK  [0m] Started LXD - container startup/shutdown.
[   36.757687] cloud-init[1032]: Your identification has been saved in /etc/ssh/ssh_host_ecdsa_key.
[   37.009279] [cloud-init[0;32m  OK  [0m[1032]: ] Your public key has been saved in /etc/ssh/ssh_host_ecdsa_key.pub.Started Login to default iSCSI targets.

[   37.091194] [cloud-init[0;32m  OK  [0m[1032]: ] The key fingerprint is:Started LSB: MD monitoring daemon.

[   37.132543] cloud-init[1032]: SHA256:WlYt1W7G+DuQYkxplbwNQROfoMpG+VFqXZS9sq4wSCU root@ubuntu-xenial
[   37.220839] [cloud-init[0;32m  OK  [0m[1032]: ] The key's randomart image is:Started LSB: Record successful boot for GRUB.

[   37.221416] cloud-init[1032]: +---[ECDSA 256]---+
[[0;32m  OK  [0m] Started Login Service.
[   37.344705] cloud-init[1032]: |           oO*oo |
[   37.410689]          cloud-initStarting Authenticate and Authorize Users to Run Privileged Tasks...[1032]: 
|         . B==o..|
[   37.488556] [[0;32m  OK  [0m] Reached target Remote File Systems (Pre).
[[0;32m  OK  [0m] Reached target Remote File Systems.
cloud-init[1032]: |       Eo.BooBo .|
         Starting LSB: automatic crash report generation...
[   37.515321] cloud-init[1032]: |       oo=+oo.*. |
         Starting LSB: VirtualBox Linux Additions...
[   37.578755] cloud-init[1032]: |       .S+.  =o  |
         Starting LSB: Set the CPU Frequency Scaling governor to "ondemand"...
[   37.658989] cloud-init[1032]: |      .=. + o..  |
[   37.740287]          cloud-initStarting LSB: daemon to balance interrupts for SMP systems...[1032]: 
|      .. + ... . |
[   37.792350]          cloud-initStarting Permit User Sessions...[1032]: 
|          o  .o  |
[   37.888593] [cloud-init[0;32m  OK  [0m[1032]: ] |           ..  . |Started Permit User Sessions.

[   37.889181] cloud-init[1032]: +----[SHA256]-----+
[   37.993026] [cloud-init[0;32m  OK  [0m[1032]: ] Generating public/private ed25519 key pair.Started Authenticate and Authorize Users to Run Privileged Tasks.

[   38.117368] [cloud-init[0;32m  OK  [0m[1032]: ] Your identification has been saved in /etc/ssh/ssh_host_ed25519_key.Started Accounts Service.

[   38.118320] cloud-init[1032]: Your public key has been saved in /etc/ssh/ssh_host_ed25519_key.pub.
[   38.268856] cloud-init[1032]: The key fingerprint is:
[   38.273363] cloud-init[1032]: SHA256:3adp77K4S5f7JeSNlhwUzCgOMVCYesmJv04tvn+uMMo root@ubuntu-xenial
[[0;32m  OK  [0m] Started LSB: automatic crash report generation.
[   38.335282] [cloud-init[0;32m  OK  [0m[1032]: ] The key's randomart image is:Started LSB: VirtualBox Linux Additions.

[   38.365911] cloud-init[1032]: +--[ED25519 256]--+
[   38.484610] cloud-init[1032]: |      .=+.   +.  |
[[0;32m  OK  [0m] Started LSB: Set the CPU Frequency Scaling governor to "ondemand".
[   38.536605] [cloud-init[0;32m  OK  [0m[1032]: ] |      o ... . o. |Started LSB: daemon to balance interrupts for SMP systems.

[   38.587526] cloud-init[1032]: |     + o o .  .  |
[   38.686196] cloud-init[1032]: |    o =  ... .   |
[[0;32m  OK  [0m] Stopped OpenBSD Secure Shell server.
[   38.737191] cloud-init[1032]: |     o  S . . +  |
         Starting OpenBSD Secure Shell server...
[   38.777877] cloud-init[1032]: |      ..     O = |
         [   38.840331] cloud-init[1032]: |      =.. . * B o|
[   38.840588] cloud-init[1032]: |   . +.+ ..+.+ o |
[   38.840727] cloud-init[1032]: |    E.+oo+=oo=+  |
[   38.840863] cloud-init[1032]: +----[SHA256]-----+
Starting Terminate Plymouth Boot Screen...
[   38.854766] cloud-init[1144]: Generating locales (this might take a while)...
[   39.091598] cloud-init[1144]:   en_US.UTF-8... done
         Starting Hold until boot process finishes up...
[   39.093758] cloud-init[1144]: Generation complete.
[[0;32m  OK  [0m] Started OpenBSD Secure Shell server.
[[0;32m  OK  [0m] Started Pollinate to seed the pseudo random number generator.
[[0;32m  OK  [0m] Started Terminate Plymouth Boot Screen.
[[0;32m  OK  [0m] Started Hold until boot process finishes up.
         Starting Set console scheme...
[[0;32m  OK  [0m] Started Serial Getty on ttyS0.
[[0;32m  OK  [0m] Started Getty on tty1.
[[0;32m  OK  [0m] Reached target Login Prompts.
[[0;32m  OK  [0m] Reached target Multi-User System.
[[0;32m  OK  [0m] Reached target Graphical Interface.
         Starting Update UTMP about System Runlevel Changes...
[[0;32m  OK  [0m] Started Set console scheme.
[[0;32m  OK  [0m] Started Update UTMP about System Runlevel Changes.
[   39.703874] cloud-init[1144]: Cloud-init v. 0.7.9 running 'modules:config' at Mon, 20 Mar 2017 21:24:23 +0000. Up 36.62 seconds.
[[0;32m  OK  [0m] Started Apply the settings specified in cloud-config.
         Starting Execute cloud user/final scripts...
ci-info: no authorized ssh keys fingerprints found for user ubuntu.
<14>Mar 20 21:24:27 ec2: 
<14>Mar 20 21:24:27 ec2: #############################################################
<14>Mar 20 21:24:27 ec2: -----BEGIN SSH HOST KEY FINGERPRINTS-----
<14>Mar 20 21:24:27 ec2: 1024 SHA256:1exKZj3MIDLMQdSDs8ryssQlHStdKlyU0/m+dEk9qhs root@ubuntu-xenial (DSA)
<14>Mar 20 21:24:27 ec2: 256 SHA256:WlYt1W7G+DuQYkxplbwNQROfoMpG+VFqXZS9sq4wSCU root@ubuntu-xenial (ECDSA)
<14>Mar 20 21:24:27 ec2: 256 SHA256:3adp77K4S5f7JeSNlhwUzCgOMVCYesmJv04tvn+uMMo root@ubuntu-xenial (ED25519)
<14>Mar 20 21:24:27 ec2: 2048 SHA256:vQz7Eg0Wedo+2ZzUZ/kn1lNMEQdR6l0AktwrpoW97MQ root@ubuntu-xenial (RSA)
<14>Mar 20 21:24:27 ec2: -----END SSH HOST KEY FINGERPRINTS-----
<14>Mar 20 21:24:27 ec2: #############################################################
-----BEGIN SSH HOST KEY KEYS-----
ecdsa-sha2-nistp256 AAAAE2VjZHNhLXNoYTItbmlzdHAyNTYAAAAIbmlzdHAyNTYAAABBBGqmZG36JTWsyfnibGZLpc7CvC9RZvseOVApyuwe/cI58oA1chWMfaseHwH7ZNgTBXpKROyHLlVsEBRIcb1xT5k= root@ubuntu-xenial
ssh-ed25519 AAAAC3NzaC1lZDI1NTE5AAAAIAN3H14ECjxBdT2A9/Aah1m3AuhBKQAL1ESC/WUJxj3l root@ubuntu-xenial
ssh-rsa AAAAB3NzaC1yc2EAAAADAQABAAABAQDCJZVRNjTbQVQ4F0kwLL9lb86S/jDCGB/zY1NvalbkCYJ1Z2rUqKC+oIIefGEymCV2wGuJmTTv6UxR11NVQQKyNX24yM9iboxlndT01A0Gj0OvwHNsTp8JXb284RYgw3DEohxZUHnmwCLrPUpcJ9i5V5tKkPO0SPuuHJGjHumf0LgIIGRm2Gcmo3REo+yaxBJ4e2HHldxr6Kk27ureAC+xYV1A//fs/RMbRRX3PxY+ebHngvmfl+4hEgv4wew+Ij0mTuPiQ9i3UvWnVBr9MzCfU9a9e+BN42ndoXxEOYaaOnoXw6Z0GuMwrB3KGFj76fuEYoY7E4Rf0cRFaovZ9KXz root@ubuntu-xenial
-----END SSH HOST KEY KEYS-----
[   41.678646] cloud-init[1397]: Cloud-init v. 0.7.9 running 'modules:final' at Mon, 20 Mar 2017 21:24:27 +0000. Up 40.17 seconds.
[   41.768796] cloud-init[1397]: ci-info: no authorized ssh keys fingerprints found for user ubuntu.
[   41.769546] cloud-init[1397]: Cloud-init v. 0.7.9 finished at Mon, 20 Mar 2017 21:24:28 +0000. Datasource DataSourceNoCloud [seed=/dev/sdb][dsmode=net].  Up 41.67 seconds
[[0;32m  OK  [0m] Started Execute cloud user/final scripts.
[[0;32m  OK  [0m] Reached target Cloud-init target.

Ubuntu 16.04.2 LTS ubuntu-xenial ttyS0

ubuntu-xenial login: 